<?xml version="1.0" encoding="UTF-8"?>
<testsuite name="HandPickedCombTest" tests="1" skipped="0" failures="0" errors="0" timestamp="2022-10-01T09:42:37" hostname="ARTEMKA" time="52.339">
  <properties/>
  <testcase name="newFutureTest" classname="HandPickedCombTest" time="52.339"/>
  <system-out><![CDATA[]]></system-out>
  <system-err><![CDATA[]]></system-err>
</testsuite>
